#! /usr/bin/vvp
:ivl_version "11.0 (stable)";
:ivl_delay_selection "TYPICAL";
:vpi_time_precision + 0;
:vpi_module "/usr/lib/x86_64-linux-gnu/ivl/system.vpi";
:vpi_module "/usr/lib/x86_64-linux-gnu/ivl/vhdl_sys.vpi";
:vpi_module "/usr/lib/x86_64-linux-gnu/ivl/vhdl_textio.vpi";
:vpi_module "/usr/lib/x86_64-linux-gnu/ivl/v2005_math.vpi";
:vpi_module "/usr/lib/x86_64-linux-gnu/ivl/va_math.vpi";
S_0x5ef14655e6c0 .scope module, "test_bench" "test_bench" 2 124;
 .timescale 0 0;
v0x5ef1465a2e80_0 .var "bit_in", 0 0;
v0x5ef1465a2f40_0 .var "bit_in_corrector", 0 0;
v0x5ef1465a2fe0_0 .var "bit_in_injector", 0 0;
v0x5ef1465a3080_0 .var "clk", 0 0;
v0x5ef1465a3120_0 .net "corrected_data", 3 0, v0x5ef1465a1540_0;  1 drivers
v0x5ef1465a3210_0 .var "corrected_data_reg", 3 0;
v0x5ef1465a32b0_0 .net "data_ready", 0 0, v0x5ef1465a1620_0;  1 drivers
v0x5ef1465a3380_0 .net "error_data", 6 0, v0x5ef1465a2060_0;  1 drivers
v0x5ef1465a3450_0 .var "error_data_reg", 6 0;
v0x5ef1465a34f0_0 .net "error_ready", 0 0, v0x5ef1465a2190_0;  1 drivers
v0x5ef1465a35c0_0 .net "hamming_data", 6 0, v0x5ef1465a2a20_0;  1 drivers
v0x5ef1465a3690_0 .var "hamming_data_reg", 6 0;
v0x5ef1465a3730_0 .net "hamming_ready", 0 0, v0x5ef1465a2b50_0;  1 drivers
v0x5ef1465a3800_0 .var/i "i", 31 0;
v0x5ef1465a38c0_0 .var "rst_n", 0 0;
v0x5ef1465a3960_0 .var "strobe_in", 0 0;
v0x5ef1465a3a30_0 .var "strobe_in_corrector", 0 0;
v0x5ef1465a3b00_0 .var "strobe_in_injector", 0 0;
S_0x5ef146567940 .scope module, "corrector" "error_correct" 2 175, 2 75 0, S_0x5ef14655e6c0;
 .timescale 0 0;
    .port_info 0 /INPUT 1 "clk";
    .port_info 1 /INPUT 1 "rst_n";
    .port_info 2 /INPUT 1 "bit_in";
    .port_info 3 /INPUT 1 "strobe_in";
    .port_info 4 /OUTPUT 4 "corrected_data";
    .port_info 5 /OUTPUT 1 "data_ready";
v0x5ef14652b7b0_0 .var "bit_count", 2 0;
v0x5ef146558480_0 .net "bit_in", 0 0, v0x5ef1465a2f40_0;  1 drivers
v0x5ef146558520_0 .net "clk", 0 0, v0x5ef1465a3080_0;  1 drivers
v0x5ef1465a1540_0 .var "corrected_data", 3 0;
v0x5ef1465a1620_0 .var "data_ready", 0 0;
v0x5ef1465a1730_0 .var "data_register", 6 0;
v0x5ef1465a1810_0 .net "rst_n", 0 0, v0x5ef1465a38c0_0;  1 drivers
v0x5ef1465a18d0_0 .net "strobe_in", 0 0, v0x5ef1465a3a30_0;  1 drivers
v0x5ef1465a1990_0 .var "syndrome", 2 0;
E_0x5ef14656d010/0 .event negedge, v0x5ef1465a1810_0;
E_0x5ef14656d010/1 .event posedge, v0x5ef146558520_0;
E_0x5ef14656d010 .event/or E_0x5ef14656d010/0, E_0x5ef14656d010/1;
S_0x5ef1465a1b30 .scope module, "injector" "error_inject" 2 166, 2 42 0, S_0x5ef14655e6c0;
 .timescale 0 0;
    .port_info 0 /INPUT 1 "clk";
    .port_info 1 /INPUT 1 "rst_n";
    .port_info 2 /INPUT 1 "bit_in";
    .port_info 3 /INPUT 1 "strobe_in";
    .port_info 4 /OUTPUT 7 "error_data";
    .port_info 5 /OUTPUT 1 "error_ready";
v0x5ef1465a1d80_0 .var "bit_count", 2 0;
v0x5ef1465a1e60_0 .net "bit_in", 0 0, v0x5ef1465a2fe0_0;  1 drivers
v0x5ef1465a1f20_0 .net "clk", 0 0, v0x5ef1465a3080_0;  alias, 1 drivers
v0x5ef1465a1fc0_0 .var "data_register", 6 0;
v0x5ef1465a2060_0 .var "error_data", 6 0;
v0x5ef1465a2190_0 .var "error_ready", 0 0;
v0x5ef1465a2250_0 .net "rst_n", 0 0, v0x5ef1465a38c0_0;  alias, 1 drivers
v0x5ef1465a22f0_0 .net "strobe_in", 0 0, v0x5ef1465a3b00_0;  1 drivers
S_0x5ef1465a2450 .scope module, "router" "secure_router" 2 157, 2 1 0, S_0x5ef14655e6c0;
 .timescale 0 0;
    .port_info 0 /INPUT 1 "clk";
    .port_info 1 /INPUT 1 "rst_n";
    .port_info 2 /INPUT 1 "bit_in";
    .port_info 3 /INPUT 1 "strobe_in";
    .port_info 4 /OUTPUT 7 "hamming_data";
    .port_info 5 /OUTPUT 1 "hamming_ready";
v0x5ef1465a26d0_0 .var "bit_count", 2 0;
v0x5ef1465a27b0_0 .net "bit_in", 0 0, v0x5ef1465a2e80_0;  1 drivers
v0x5ef1465a2870_0 .net "clk", 0 0, v0x5ef1465a3080_0;  alias, 1 drivers
v0x5ef1465a2960_0 .var "data_register", 5 0;
v0x5ef1465a2a20_0 .var "hamming_data", 6 0;
v0x5ef1465a2b50_0 .var "hamming_ready", 0 0;
v0x5ef1465a2c10_0 .net "rst_n", 0 0, v0x5ef1465a38c0_0;  alias, 1 drivers
v0x5ef1465a2d00_0 .net "strobe_in", 0 0, v0x5ef1465a3960_0;  1 drivers
    .scope S_0x5ef1465a2450;
T_0 ;
    %wait E_0x5ef14656d010;
    %load/vec4 v0x5ef1465a2c10_0;
    %nor/r;
    %flag_set/vec4 8;
    %jmp/0xz  T_0.0, 8;
    %pushi/vec4 0, 0, 3;
    %assign/vec4 v0x5ef1465a26d0_0, 0;
    %pushi/vec4 0, 0, 7;
    %assign/vec4 v0x5ef1465a2a20_0, 0;
    %pushi/vec4 0, 0, 1;
    %assign/vec4 v0x5ef1465a2b50_0, 0;
    %pushi/vec4 0, 0, 6;
    %assign/vec4 v0x5ef1465a2960_0, 0;
    %jmp T_0.1;
T_0.0 ;
    %load/vec4 v0x5ef1465a2d00_0;
    %flag_set/vec4 8;
    %jmp/0xz  T_0.2, 8;
    %load/vec4 v0x5ef1465a27b0_0;
    %ix/getv 4, v0x5ef1465a26d0_0;
    %store/vec4 v0x5ef1465a2960_0, 4, 1;
    %load/vec4 v0x5ef1465a26d0_0;
    %addi 1, 0, 3;
    %store/vec4 v0x5ef1465a26d0_0, 0, 3;
    %load/vec4 v0x5ef1465a26d0_0;
    %pad/u 32;
    %cmpi/e 6, 0, 32;
    %jmp/0xz  T_0.4, 4;
    %load/vec4 v0x5ef1465a2960_0;
    %parti/s 1, 0, 2;
    %ix/load 4, 2, 0;
    %flag_set/imm 4, 0;
    %store/vec4 v0x5ef1465a2a20_0, 4, 1;
    %load/vec4 v0x5ef1465a2960_0;
    %parti/s 1, 1, 2;
    %ix/load 4, 4, 0;
    %flag_set/imm 4, 0;
    %store/vec4 v0x5ef1465a2a20_0, 4, 1;
    %load/vec4 v0x5ef1465a2960_0;
    %parti/s 1, 2, 3;
    %ix/load 4, 5, 0;
    %flag_set/imm 4, 0;
    %store/vec4 v0x5ef1465a2a20_0, 4, 1;
    %load/vec4 v0x5ef1465a2960_0;
    %parti/s 1, 3, 3;
    %ix/load 4, 6, 0;
    %flag_set/imm 4, 0;
    %store/vec4 v0x5ef1465a2a20_0, 4, 1;
    %load/vec4 v0x5ef1465a2a20_0;
    %parti/s 1, 2, 3;
    %load/vec4 v0x5ef1465a2a20_0;
    %parti/s 1, 4, 4;
    %xor;
    %load/vec4 v0x5ef1465a2a20_0;
    %parti/s 1, 6, 4;
    %xor;
    %ix/load 4, 0, 0;
    %flag_set/imm 4, 0;
    %store/vec4 v0x5ef1465a2a20_0, 4, 1;
    %load/vec4 v0x5ef1465a2a20_0;
    %parti/s 1, 2, 3;
    %load/vec4 v0x5ef1465a2a20_0;
    %parti/s 1, 5, 4;
    %xor;
    %load/vec4 v0x5ef1465a2a20_0;
    %parti/s 1, 6, 4;
    %xor;
    %ix/load 4, 1, 0;
    %flag_set/imm 4, 0;
    %store/vec4 v0x5ef1465a2a20_0, 4, 1;
    %load/vec4 v0x5ef1465a2a20_0;
    %parti/s 1, 4, 4;
    %load/vec4 v0x5ef1465a2a20_0;
    %parti/s 1, 5, 4;
    %xor;
    %load/vec4 v0x5ef1465a2a20_0;
    %parti/s 1, 6, 4;
    %xor;
    %ix/load 4, 3, 0;
    %flag_set/imm 4, 0;
    %store/vec4 v0x5ef1465a2a20_0, 4, 1;
    %pushi/vec4 1, 0, 1;
    %store/vec4 v0x5ef1465a2b50_0, 0, 1;
T_0.4 ;
T_0.2 ;
T_0.1 ;
    %jmp T_0;
    .thread T_0;
    .scope S_0x5ef1465a1b30;
T_1 ;
    %wait E_0x5ef14656d010;
    %load/vec4 v0x5ef1465a2250_0;
    %nor/r;
    %flag_set/vec4 8;
    %jmp/0xz  T_1.0, 8;
    %pushi/vec4 0, 0, 3;
    %assign/vec4 v0x5ef1465a1d80_0, 0;
    %pushi/vec4 0, 0, 7;
    %assign/vec4 v0x5ef1465a2060_0, 0;
    %pushi/vec4 0, 0, 1;
    %assign/vec4 v0x5ef1465a2190_0, 0;
    %jmp T_1.1;
T_1.0 ;
    %load/vec4 v0x5ef1465a22f0_0;
    %flag_set/vec4 8;
    %jmp/0xz  T_1.2, 8;
    %load/vec4 v0x5ef1465a1e60_0;
    %ix/getv 4, v0x5ef1465a1d80_0;
    %store/vec4 v0x5ef1465a1fc0_0, 4, 1;
    %load/vec4 v0x5ef1465a1d80_0;
    %addi 1, 0, 3;
    %store/vec4 v0x5ef1465a1d80_0, 0, 3;
    %load/vec4 v0x5ef1465a1d80_0;
    %pad/u 32;
    %cmpi/e 7, 0, 32;
    %jmp/0xz  T_1.4, 4;
    %load/vec4 v0x5ef1465a1fc0_0;
    %store/vec4 v0x5ef1465a2060_0, 0, 7;
    %load/vec4 v0x5ef1465a2060_0;
    %parti/s 1, 3, 3;
    %inv;
    %ix/load 4, 3, 0;
    %flag_set/imm 4, 0;
    %store/vec4 v0x5ef1465a2060_0, 4, 1;
    %pushi/vec4 1, 0, 1;
    %store/vec4 v0x5ef1465a2190_0, 0, 1;
T_1.4 ;
T_1.2 ;
T_1.1 ;
    %jmp T_1;
    .thread T_1;
    .scope S_0x5ef146567940;
T_2 ;
    %wait E_0x5ef14656d010;
    %load/vec4 v0x5ef1465a1810_0;
    %nor/r;
    %flag_set/vec4 8;
    %jmp/0xz  T_2.0, 8;
    %pushi/vec4 0, 0, 3;
    %assign/vec4 v0x5ef14652b7b0_0, 0;
    %pushi/vec4 0, 0, 4;
    %assign/vec4 v0x5ef1465a1540_0, 0;
    %pushi/vec4 0, 0, 1;
    %assign/vec4 v0x5ef1465a1620_0, 0;
    %pushi/vec4 0, 0, 7;
    %assign/vec4 v0x5ef1465a1730_0, 0;
    %jmp T_2.1;
T_2.0 ;
    %load/vec4 v0x5ef1465a18d0_0;
    %flag_set/vec4 8;
    %jmp/0xz  T_2.2, 8;
    %load/vec4 v0x5ef146558480_0;
    %ix/getv 4, v0x5ef14652b7b0_0;
    %store/vec4 v0x5ef1465a1730_0, 4, 1;
    %load/vec4 v0x5ef14652b7b0_0;
    %addi 1, 0, 3;
    %store/vec4 v0x5ef14652b7b0_0, 0, 3;
    %load/vec4 v0x5ef14652b7b0_0;
    %pad/u 32;
    %cmpi/e 7, 0, 32;
    %jmp/0xz  T_2.4, 4;
    %load/vec4 v0x5ef1465a1730_0;
    %parti/s 1, 0, 2;
    %load/vec4 v0x5ef1465a1730_0;
    %parti/s 1, 2, 3;
    %xor;
    %load/vec4 v0x5ef1465a1730_0;
    %parti/s 1, 4, 4;
    %xor;
    %load/vec4 v0x5ef1465a1730_0;
    %parti/s 1, 6, 4;
    %xor;
    %ix/load 4, 0, 0;
    %flag_set/imm 4, 0;
    %store/vec4 v0x5ef1465a1990_0, 4, 1;
    %load/vec4 v0x5ef1465a1730_0;
    %parti/s 1, 1, 2;
    %load/vec4 v0x5ef1465a1730_0;
    %parti/s 1, 2, 3;
    %xor;
    %load/vec4 v0x5ef1465a1730_0;
    %parti/s 1, 5, 4;
    %xor;
    %load/vec4 v0x5ef1465a1730_0;
    %parti/s 1, 6, 4;
    %xor;
    %ix/load 4, 1, 0;
    %flag_set/imm 4, 0;
    %store/vec4 v0x5ef1465a1990_0, 4, 1;
    %load/vec4 v0x5ef1465a1730_0;
    %parti/s 1, 3, 3;
    %load/vec4 v0x5ef1465a1730_0;
    %parti/s 1, 4, 4;
    %xor;
    %load/vec4 v0x5ef1465a1730_0;
    %parti/s 1, 5, 4;
    %xor;
    %load/vec4 v0x5ef1465a1730_0;
    %parti/s 1, 6, 4;
    %xor;
    %ix/load 4, 2, 0;
    %flag_set/imm 4, 0;
    %store/vec4 v0x5ef1465a1990_0, 4, 1;
    %load/vec4 v0x5ef1465a1990_0;
    %cmpi/ne 0, 0, 3;
    %jmp/0xz  T_2.6, 4;
    %load/vec4 v0x5ef1465a1730_0;
    %load/vec4 v0x5ef1465a1990_0;
    %pad/u 32;
    %subi 1, 0, 32;
    %part/u 1;
    %inv;
    %load/vec4 v0x5ef1465a1990_0;
    %pad/u 32;
    %subi 1, 0, 32;
    %ix/vec4 4;
    %store/vec4 v0x5ef1465a1730_0, 4, 1;
T_2.6 ;
    %load/vec4 v0x5ef1465a1730_0;
    %parti/s 1, 6, 4;
    %ix/load 4, 3, 0;
    %flag_set/imm 4, 0;
    %store/vec4 v0x5ef1465a1540_0, 4, 1;
    %load/vec4 v0x5ef1465a1730_0;
    %parti/s 1, 5, 4;
    %ix/load 4, 2, 0;
    %flag_set/imm 4, 0;
    %store/vec4 v0x5ef1465a1540_0, 4, 1;
    %load/vec4 v0x5ef1465a1730_0;
    %parti/s 1, 4, 4;
    %ix/load 4, 1, 0;
    %flag_set/imm 4, 0;
    %store/vec4 v0x5ef1465a1540_0, 4, 1;
    %load/vec4 v0x5ef1465a1730_0;
    %parti/s 1, 2, 3;
    %ix/load 4, 0, 0;
    %flag_set/imm 4, 0;
    %store/vec4 v0x5ef1465a1540_0, 4, 1;
    %pushi/vec4 1, 0, 1;
    %store/vec4 v0x5ef1465a1620_0, 0, 1;
T_2.4 ;
T_2.2 ;
T_2.1 ;
    %jmp T_2;
    .thread T_2;
    .scope S_0x5ef14655e6c0;
T_3 ;
    %delay 5, 0;
    %load/vec4 v0x5ef1465a3080_0;
    %inv;
    %store/vec4 v0x5ef1465a3080_0, 0, 1;
    %jmp T_3;
    .thread T_3;
    .scope S_0x5ef14655e6c0;
T_4 ;
    %pushi/vec4 0, 0, 1;
    %store/vec4 v0x5ef1465a3080_0, 0, 1;
    %pushi/vec4 0, 0, 1;
    %store/vec4 v0x5ef1465a38c0_0, 0, 1;
    %pushi/vec4 0, 0, 1;
    %store/vec4 v0x5ef1465a2e80_0, 0, 1;
    %pushi/vec4 0, 0, 1;
    %store/vec4 v0x5ef1465a3960_0, 0, 1;
    %pushi/vec4 0, 0, 1;
    %store/vec4 v0x5ef1465a2fe0_0, 0, 1;
    %pushi/vec4 0, 0, 1;
    %store/vec4 v0x5ef1465a3b00_0, 0, 1;
    %pushi/vec4 0, 0, 1;
    %store/vec4 v0x5ef1465a2f40_0, 0, 1;
    %pushi/vec4 0, 0, 1;
    %store/vec4 v0x5ef1465a3a30_0, 0, 1;
    %delay 10, 0;
    %pushi/vec4 1, 0, 1;
    %store/vec4 v0x5ef1465a38c0_0, 0, 1;
    %vpi_call 2 205 "$display", "Feeding data into secure_router:" {0 0 0};
    %delay 10, 0;
    %pushi/vec4 0, 0, 1;
    %store/vec4 v0x5ef1465a2e80_0, 0, 1;
    %pushi/vec4 1, 0, 1;
    %store/vec4 v0x5ef1465a3960_0, 0, 1;
    %delay 10, 0;
    %pushi/vec4 0, 0, 1;
    %store/vec4 v0x5ef1465a3960_0, 0, 1;
    %vpi_call 2 207 "$display", "Sent bit: %b", v0x5ef1465a2e80_0 {0 0 0};
    %delay 10, 0;
    %pushi/vec4 1, 0, 1;
    %store/vec4 v0x5ef1465a2e80_0, 0, 1;
    %pushi/vec4 1, 0, 1;
    %store/vec4 v0x5ef1465a3960_0, 0, 1;
    %delay 10, 0;
    %pushi/vec4 0, 0, 1;
    %store/vec4 v0x5ef1465a3960_0, 0, 1;
    %vpi_call 2 208 "$display", "Sent bit: %b", v0x5ef1465a2e80_0 {0 0 0};
    %delay 10, 0;
    %pushi/vec4 1, 0, 1;
    %store/vec4 v0x5ef1465a2e80_0, 0, 1;
    %pushi/vec4 1, 0, 1;
    %store/vec4 v0x5ef1465a3960_0, 0, 1;
    %delay 10, 0;
    %pushi/vec4 0, 0, 1;
    %store/vec4 v0x5ef1465a3960_0, 0, 1;
    %vpi_call 2 209 "$display", "Sent bit: %b", v0x5ef1465a2e80_0 {0 0 0};
    %delay 10, 0;
    %pushi/vec4 1, 0, 1;
    %store/vec4 v0x5ef1465a2e80_0, 0, 1;
    %pushi/vec4 1, 0, 1;
    %store/vec4 v0x5ef1465a3960_0, 0, 1;
    %delay 10, 0;
    %pushi/vec4 0, 0, 1;
    %store/vec4 v0x5ef1465a3960_0, 0, 1;
    %vpi_call 2 210 "$display", "Sent bit: %b", v0x5ef1465a2e80_0 {0 0 0};
    %delay 10, 0;
    %pushi/vec4 1, 0, 1;
    %store/vec4 v0x5ef1465a2e80_0, 0, 1;
    %pushi/vec4 1, 0, 1;
    %store/vec4 v0x5ef1465a3960_0, 0, 1;
    %delay 10, 0;
    %pushi/vec4 0, 0, 1;
    %store/vec4 v0x5ef1465a3960_0, 0, 1;
    %vpi_call 2 211 "$display", "Sent bit: %b", v0x5ef1465a2e80_0 {0 0 0};
    %delay 10, 0;
    %pushi/vec4 1, 0, 1;
    %store/vec4 v0x5ef1465a2e80_0, 0, 1;
    %pushi/vec4 1, 0, 1;
    %store/vec4 v0x5ef1465a3960_0, 0, 1;
    %delay 10, 0;
    %pushi/vec4 0, 0, 1;
    %store/vec4 v0x5ef1465a3960_0, 0, 1;
    %vpi_call 2 212 "$display", "Sent bit: %b", v0x5ef1465a2e80_0 {0 0 0};
    %load/vec4 v0x5ef1465a3730_0;
    %flag_set/vec4 8;
    %jmp/0xz  T_4.0, 8;
    %load/vec4 v0x5ef1465a35c0_0;
    %store/vec4 v0x5ef1465a3690_0, 0, 7;
    %vpi_call 2 217 "$display", "Hamming Code generated: %b", v0x5ef1465a3690_0 {0 0 0};
T_4.0 ;
    %pushi/vec4 0, 0, 32;
    %store/vec4 v0x5ef1465a3800_0, 0, 32;
T_4.2 ;
    %load/vec4 v0x5ef1465a3800_0;
    %cmpi/s 7, 0, 32;
    %jmp/0xz T_4.3, 5;
    %delay 10, 0;
    %load/vec4 v0x5ef1465a3690_0;
    %load/vec4 v0x5ef1465a3800_0;
    %part/s 1;
    %store/vec4 v0x5ef1465a2fe0_0, 0, 1;
    %pushi/vec4 1, 0, 1;
    %store/vec4 v0x5ef1465a3b00_0, 0, 1;
    %delay 10, 0;
    %pushi/vec4 0, 0, 1;
    %store/vec4 v0x5ef1465a3b00_0, 0, 1;
    %vpi_call 2 224 "$display", "Sending Hamming bit to error_inject: %b", &PV<v0x5ef1465a3690_0, v0x5ef1465a3800_0, 1> {0 0 0};
    %load/vec4 v0x5ef1465a3800_0;
    %addi 1, 0, 32;
    %store/vec4 v0x5ef1465a3800_0, 0, 32;
    %jmp T_4.2;
T_4.3 ;
    %load/vec4 v0x5ef1465a34f0_0;
    %flag_set/vec4 8;
    %jmp/0xz  T_4.4, 8;
    %load/vec4 v0x5ef1465a3380_0;
    %store/vec4 v0x5ef1465a3450_0, 0, 7;
    %vpi_call 2 230 "$display", "Error Injected Data: %b", v0x5ef1465a3450_0 {0 0 0};
T_4.4 ;
    %pushi/vec4 0, 0, 32;
    %store/vec4 v0x5ef1465a3800_0, 0, 32;
T_4.6 ;
    %load/vec4 v0x5ef1465a3800_0;
    %cmpi/s 7, 0, 32;
    %jmp/0xz T_4.7, 5;
    %delay 10, 0;
    %load/vec4 v0x5ef1465a3450_0;
    %load/vec4 v0x5ef1465a3800_0;
    %part/s 1;
    %store/vec4 v0x5ef1465a2f40_0, 0, 1;
    %pushi/vec4 1, 0, 1;
    %store/vec4 v0x5ef1465a3a30_0, 0, 1;
    %delay 10, 0;
    %pushi/vec4 0, 0, 1;
    %store/vec4 v0x5ef1465a3a30_0, 0, 1;
    %vpi_call 2 237 "$display", "Sending bit to error_correct: %b", &PV<v0x5ef1465a3450_0, v0x5ef1465a3800_0, 1> {0 0 0};
    %load/vec4 v0x5ef1465a3800_0;
    %addi 1, 0, 32;
    %store/vec4 v0x5ef1465a3800_0, 0, 32;
    %jmp T_4.6;
T_4.7 ;
    %load/vec4 v0x5ef1465a32b0_0;
    %flag_set/vec4 8;
    %jmp/0xz  T_4.8, 8;
    %load/vec4 v0x5ef1465a3120_0;
    %store/vec4 v0x5ef1465a3210_0, 0, 4;
    %vpi_call 2 243 "$display", "Corrected Data: %b", v0x5ef1465a3210_0 {0 0 0};
T_4.8 ;
    %delay 100, 0;
    %vpi_call 2 247 "$finish" {0 0 0};
    %end;
    .thread T_4;
# The file index is used to find the file name in the following table.
:file_names 3;
    "N/A";
    "<interactive>";
    "extended.v";
